TN:
SF:script/DeployRaffle.s.sol
DA:11,13
FN:11,DeployRaffle.run
FNDA:13,DeployRaffle.run
DA:12,13
DA:13,13
DA:14,13
DA:16,13
BRDA:16,0,0,-
DA:17,0
DA:18,0
DA:26,0
DA:27,0
DA:34,0
DA:37,13
DA:38,13
DA:46,13
DA:49,13
DA:55,13
FNF:1
FNH:1
LF:15
LH:10
BRF:1
BRH:0
end_of_record
TN:
SF:script/HelperConfig.s.sol
DA:44,13
FN:44,HelperConfig.constructor
FNDA:13,HelperConfig.constructor
DA:45,13
DA:46,13
DA:50,26
FN:50,HelperConfig.getConfig
FNDA:26,HelperConfig.getConfig
DA:51,26
DA:54,0
FN:54,HelperConfig.setConfig
FNDA:0,HelperConfig.setConfig
DA:58,0
DA:61,0
FN:61,HelperConfig.getConfigByChainId
FNDA:0,HelperConfig.getConfigByChainId
DA:64,26
BRDA:64,0,0,-
BRDA:64,0,1,-
DA:65,0
DA:66,26
BRDA:66,1,0,26
BRDA:66,1,1,-
DA:67,26
DA:69,0
DA:73,13
FN:73,HelperConfig.getMainnetEthConfig
FNDA:13,HelperConfig.getMainnetEthConfig
DA:78,13
DA:90,13
FN:90,HelperConfig.getSepoliaEthConfig
FNDA:13,HelperConfig.getSepoliaEthConfig
DA:95,13
DA:107,0
FN:107,HelperConfig.getOrCreateAnvilEthConfig
FNDA:0,HelperConfig.getOrCreateAnvilEthConfig
DA:109,26
BRDA:109,2,0,13
DA:110,13
DA:113,13
DA:114,13
DA:115,13
DA:116,13
DA:121,13
DA:122,13
DA:123,13
DA:125,13
DA:135,13
DA:136,13
FNF:7
FNH:4
LF:30
LH:24
BRF:5
BRH:2
end_of_record
TN:
SF:script/Interactions.s.sol
DA:14,0
FN:14,CreateSubscription.createSubscriptionUsingConfig
FNDA:0,CreateSubscription.createSubscriptionUsingConfig
DA:15,0
DA:16,0
DA:19,0
DA:22,0
DA:25,0
FN:25,CreateSubscription.createSubscription
FNDA:0,CreateSubscription.createSubscription
DA:29,0
DA:30,0
DA:31,0
DA:33,0
DA:34,0
DA:35,0
DA:36,0
DA:39,0
FN:39,CreateSubscription.run
FNDA:0,CreateSubscription.run
DA:40,0
DA:46,13
FN:46,AddConsumer.addConsumer
FNDA:13,AddConsumer.addConsumer
DA:52,13
DA:53,13
DA:54,13
DA:55,13
DA:56,13
DA:60,13
DA:63,0
FN:63,AddConsumer.addConsumerUsingConfig
FNDA:0,AddConsumer.addConsumerUsingConfig
DA:64,0
DA:65,0
DA:66,0
DA:69,0
DA:71,0
DA:74,0
FN:74,AddConsumer.run
FNDA:0,AddConsumer.run
DA:75,0
DA:79,0
DA:88,0
FN:88,FundSubscription.fundSubscriptionUsingConfig
FNDA:0,FundSubscription.fundSubscriptionUsingConfig
DA:89,0
DA:90,0
DA:91,0
DA:94,0
DA:95,0
DA:97,0
BRDA:97,0,0,-
DA:98,0
DA:99,0
DA:100,0
DA:101,0
DA:102,0
DA:110,0
DA:113,0
FN:113,FundSubscription.fundSubscription
FNDA:0,FundSubscription.fundSubscription
DA:119,0
DA:120,0
DA:121,0
DA:122,0
BRDA:122,1,0,-
BRDA:122,1,1,-
DA:123,0
DA:124,0
DA:128,0
DA:130,0
DA:131,0
DA:132,0
DA:133,0
DA:134,0
DA:135,0
DA:140,0
DA:144,0
FN:144,FundSubscription.run
FNDA:0,FundSubscription.run
DA:145,0
FNF:9
FNH:1
LF:61
LH:7
BRF:3
BRH:0
end_of_record
TN:
SF:src/Raffle.sol
DA:57,13
FN:57,Raffle.constructor
FNDA:13,Raffle.constructor
DA:65,13
DA:66,13
DA:67,13
DA:68,13
DA:69,13
DA:70,13
DA:71,13
DA:72,13
DA:75,12
FN:75,Raffle.enterRaffle
FNDA:12,Raffle.enterRaffle
DA:76,12
BRDA:76,0,0,1
DA:77,1
DA:79,11
BRDA:79,1,0,1
DA:80,1
DA:82,10
DA:85,10
DA:97,4
FN:97,Raffle.checkUpkeep
FNDA:4,Raffle.checkUpkeep
DA:105,9
DA:106,9
DA:107,9
DA:108,9
DA:109,9
DA:110,9
DA:117,5
FN:117,Raffle.performUpkeep
FNDA:5,Raffle.performUpkeep
DA:118,5
DA:120,5
BRDA:120,2,0,1
DA:121,1
DA:128,4
DA:131,4
DA:146,4
DA:153,0
FN:153,Raffle.fulfillRandomWords
FNDA:0,Raffle.fulfillRandomWords
DA:161,0
DA:162,0
DA:163,0
DA:164,0
DA:165,0
DA:166,0
DA:167,0
DA:169,0
DA:170,0
DA:171,0
DA:173,0
DA:174,0
BRDA:174,3,0,-
DA:176,0
DA:177,0
BRDA:177,4,0,-
DA:183,3
FN:183,Raffle.getRaffleState
FNDA:3,Raffle.getRaffleState
DA:184,3
DA:187,0
FN:187,Raffle.getNumWords
FNDA:0,Raffle.getNumWords
DA:188,0
DA:191,0
FN:191,Raffle.getRequestConfirmations
FNDA:0,Raffle.getRequestConfirmations
DA:192,0
DA:195,0
FN:195,Raffle.getRecentWinner
FNDA:0,Raffle.getRecentWinner
DA:196,0
DA:199,1
FN:199,Raffle.getPlayer
FNDA:1,Raffle.getPlayer
DA:200,1
DA:203,0
FN:203,Raffle.getLastTimeStamp
FNDA:0,Raffle.getLastTimeStamp
DA:204,0
DA:207,0
FN:207,Raffle.getInterval
FNDA:0,Raffle.getInterval
DA:208,0
DA:211,0
FN:211,Raffle.getEntranceFee
FNDA:0,Raffle.getEntranceFee
DA:212,0
DA:215,0
FN:215,Raffle.getNumberOfPlayers
FNDA:0,Raffle.getNumberOfPlayers
DA:216,0
DA:219,0
FN:219,Raffle.getOwner
FNDA:0,Raffle.getOwner
DA:220,0
FNF:15
FNH:6
LF:65
LH:34
BRF:5
BRH:3
end_of_record
TN:
SF:test/mocks/LinkToken.sol
DA:19,13
FN:19,LinkToken.constructor
FNDA:13,LinkToken.constructor
DA:20,13
DA:23,0
FN:23,LinkToken.mint
FNDA:0,LinkToken.mint
DA:24,0
DA:40,0
FN:40,LinkToken.transferAndCall
FNDA:0,LinkToken.transferAndCall
DA:45,0
BRDA:45,0,0,-
BRDA:45,0,1,-
DA:47,0
DA:48,0
BRDA:48,1,0,-
DA:49,0
DA:51,0
DA:56,0
FN:56,LinkToken.contractFallback
FNDA:0,LinkToken.contractFallback
DA:61,0
DA:62,0
DA:65,0
FN:65,LinkToken.isContract
FNDA:0,LinkToken.isContract
DA:66,0
DA:68,0
DA:70,0
FNF:5
FNH:1
LF:17
LH:2
BRF:3
BRH:0
end_of_record
